0 info it worked if it ends with ok
1 verbose cli [ '/usr/local/bin/node', '/usr/local/bin/npm', 'start' ]
2 info using npm@3.10.10
3 info using node@v6.11.2
4 verbose run-script [ 'prestart', 'start', 'poststart' ]
5 info lifecycle sharing-ideas@1.0.0~prestart: sharing-ideas@1.0.0
6 silly lifecycle sharing-ideas@1.0.0~prestart: no script for prestart, continuing
7 info lifecycle sharing-ideas@1.0.0~start: sharing-ideas@1.0.0
8 verbose lifecycle sharing-ideas@1.0.0~start: unsafe-perm in lifecycle true
9 verbose lifecycle sharing-ideas@1.0.0~start: PATH: /usr/local/lib/node_modules/npm/bin/node-gyp-bin:/home/wil/Projects/si/node_modules/.bin:/usr/local/bin:/usr/bin:/bin:/usr/local/games:/usr/games:/home/wil/Sources/jdk1.8.0_144/bin:/home/wil/.fzf/bin:/home/wil/Sources/jdk1.8.0_144/bin:/home/wil/Sources/jdk1.8.0_144/bin
10 verbose lifecycle sharing-ideas@1.0.0~start: CWD: /home/wil/Projects/si
11 silly lifecycle sharing-ideas@1.0.0~start: Args: [ '-c', 'docker-compose up' ]
12 silly lifecycle sharing-ideas@1.0.0~start: Returned: code: 1  signal: null
13 info lifecycle sharing-ideas@1.0.0~start: Failed to exec start script
14 verbose stack Error: sharing-ideas@1.0.0 start: `docker-compose up`
14 verbose stack Exit status 1
14 verbose stack     at EventEmitter.<anonymous> (/usr/local/lib/node_modules/npm/lib/utils/lifecycle.js:255:16)
14 verbose stack     at emitTwo (events.js:106:13)
14 verbose stack     at EventEmitter.emit (events.js:191:7)
14 verbose stack     at ChildProcess.<anonymous> (/usr/local/lib/node_modules/npm/lib/utils/spawn.js:40:14)
14 verbose stack     at emitTwo (events.js:106:13)
14 verbose stack     at ChildProcess.emit (events.js:191:7)
14 verbose stack     at maybeClose (internal/child_process.js:891:16)
14 verbose stack     at Process.ChildProcess._handle.onexit (internal/child_process.js:226:5)
15 verbose pkgid sharing-ideas@1.0.0
16 verbose cwd /home/wil/Projects/si
17 error Linux 4.9.0-3-amd64
18 error argv "/usr/local/bin/node" "/usr/local/bin/npm" "start"
19 error node v6.11.2
20 error npm  v3.10.10
21 error code ELIFECYCLE
22 error sharing-ideas@1.0.0 start: `docker-compose up`
22 error Exit status 1
23 error Failed at the sharing-ideas@1.0.0 start script 'docker-compose up'.
23 error Make sure you have the latest version of node.js and npm installed.
23 error If you do, this is most likely a problem with the sharing-ideas package,
23 error not with npm itself.
23 error Tell the author that this fails on your system:
23 error     docker-compose up
23 error You can get information on how to open an issue for this project with:
23 error     npm bugs sharing-ideas
23 error Or if that isn't available, you can get their info via:
23 error     npm owner ls sharing-ideas
23 error There is likely additional logging output above.
24 verbose exit [ 1, true ]
